#
# There is insufficient memory for the Java Runtime Environment to continue.
# Native memory allocation (mmap) failed to map 98566144 bytes for Failed to commit area from 0x00000000a2400000 to 0x00000000a8200000 of length 98566144.
# Possible reasons:
#   The system is out of physical RAM or swap space
#   The process is running with CompressedOops enabled, and the Java Heap may be blocking the growth of the native heap
# Possible solutions:
#   Reduce memory load on the system
#   Increase physical memory or swap space
#   Check if swap backing store is full
#   Decrease Java heap size (-Xmx/-Xms)
#   Decrease number of Java threads
#   Decrease Java thread stack sizes (-Xss)
#   Set larger code cache with -XX:ReservedCodeCacheSize=
# This output file may be truncated or incomplete.
#
#  Out of Memory Error (./src/hotspot/os/windows/os_windows.cpp:3301), pid=23108, tid=27172
#
# JRE version:  (11.0.10+9) (build )
# Java VM: Dynamic Code Evolution 64-Bit Server VM (11.0.10+9-b1341.41, mixed mode, sharing, tiered, compressed oops, g1 gc, windows-amd64)
# No core dump will be written. Minidumps are not enabled by default on client versions of Windows
#

---------------  S U M M A R Y ------------

Command Line: org.jetbrains.git4idea.http.GitAskPassApp Username for 'https://github.com': 

Host: Intel(R) Core(TM) i5-2430M CPU @ 2.40GHz, 4 cores, 5G,  Windows 10 , 64 bit Build 19041 (10.0.19041.1023)
Time: Sun Aug 15 15:16:27 2021 Turkey Standard Time elapsed time: 0.140803 seconds (0d 0h 0m 0s)

---------------  T H R E A D  ---------------

Current thread (0x000001e35270e800):  JavaThread "Unknown thread" [_thread_in_vm, id=27172, stack(0x00000059a0700000,0x00000059a0800000)]

Stack: [0x00000059a0700000,0x00000059a0800000]
Native frames: (J=compiled Java code, j=interpreted, Vv=VM code, C=native code)
V  [jvm.dll+0x5f84fa]
V  [jvm.dll+0x77e085]
V  [jvm.dll+0x77f5dd]
V  [jvm.dll+0x77fc93]
V  [jvm.dll+0x2457e8]
V  [jvm.dll+0x5f58f4]
V  [jvm.dll+0x5ea975]
V  [jvm.dll+0x30228b]
V  [jvm.dll+0x3021fa]
V  [jvm.dll+0x3020d2]
V  [jvm.dll+0x306fb6]
V  [jvm.dll+0x34f843]
V  [jvm.dll+0x34ff46]
V  [jvm.dll+0x34f943]
V  [jvm.dll+0x2dbcb8]
V  [jvm.dll+0x2dce57]
V  [jvm.dll+0x75c4d7]
V  [jvm.dll+0x75dd6c]
V  [jvm.dll+0x35cdb9]
V  [jvm.dll+0x73fc9e]
V  [jvm.dll+0x3c5663]
V  [jvm.dll+0x3c7a21]
C  [jli.dll+0x5373]
C  [ucrtbase.dll+0x21bb2]
C  [KERNEL32.DLL+0x17034]
C  [ntdll.dll+0x52651]


---------------  P R O C E S S  ---------------

Threads class SMR info:
_java_thread_list=0x000001e350563630, length=0, elements={
}

Java Threads: ( => current thread )

Other Threads:
  0x000001e352728800 GCTaskThread "GC Thread#0" [stack: 0x00000059a0800000,0x00000059a0900000] [id=22588]
  0x000001e35274c800 ConcurrentGCThread "G1 Main Marker" [stack: 0x00000059a0900000,0x00000059a0a00000] [id=22056]
  0x000001e35274e000 ConcurrentGCThread "G1 Conc#0" [stack: 0x00000059a0a00000,0x00000059a0b00000] [id=22276]

[error occurred during error reporting (printing all threads), id 0xc0000005, EXCEPTION_ACCESS_VIOLATION (0xc0000005) at pc=0x00007ffb192cc437]

VM state:not at safepoint (not fully initialized)

VM Mutex/Monitor currently owned by a thread:  ([mutex/lock_event])
[0x000001e35270bdb0] Heap_lock - owner thread: 0x000001e35270e800

Heap address: 0x00000000a2400000, size: 1500 MB, Compressed Oops mode: Non-zero based: 0x00000000a2400000
Narrow klass base: 0x0000000000000000, Narrow klass shift: 0

GC Heap History (0 events):
No events

Deoptimization events (0 events):
No events

Classes redefined (0 events):
No events

Internal exceptions (0 events):
No events

Events (1 events):
Event: 0.010 Loaded shared library C:\Program Files\JetBrains\IntelliJ IDEA Educational Edition 2021.1\jbr\bin\zip.dll


Dynamic libraries:
0x00007ff7cfff0000 - 0x00007ff7cfffa000 	C:\Program Files\JetBrains\IntelliJ IDEA Educational Edition 2021.1\jbr\bin\java.exe
0x00007ffb4e5d0000 - 0x00007ffb4e7c5000 	C:\WINDOWS\SYSTEM32\ntdll.dll
0x00007ffb4bca0000 - 0x00007ffb4bd5d000 	C:\WINDOWS\System32\KERNEL32.DLL
0x00007ffb4b490000 - 0x00007ffb4b759000 	C:\WINDOWS\System32\KERNELBASE.dll
0x00007ffb4b9c0000 - 0x00007ffb4bac0000 	C:\WINDOWS\System32\ucrtbase.dll
0x00007ffb361a0000 - 0x00007ffb361b7000 	C:\Program Files\JetBrains\IntelliJ IDEA Educational Edition 2021.1\jbr\bin\VCRUNTIME140.dll
0x00007ffb470f0000 - 0x00007ffb47109000 	C:\Program Files\JetBrains\IntelliJ IDEA Educational Edition 2021.1\jbr\bin\jli.dll
0x00007ffb4cb10000 - 0x00007ffb4ccb0000 	C:\WINDOWS\System32\USER32.dll
0x00007ffb4b990000 - 0x00007ffb4b9b2000 	C:\WINDOWS\System32\win32u.dll
0x00007ffb35b10000 - 0x00007ffb35daa000 	C:\WINDOWS\WinSxS\amd64_microsoft.windows.common-controls_6595b64144ccf1df_6.0.19041.1110_none_60b5254171f9507e\COMCTL32.dll
0x00007ffb4c8f0000 - 0x00007ffb4c98e000 	C:\WINDOWS\System32\msvcrt.dll
0x00007ffb4cae0000 - 0x00007ffb4cb0a000 	C:\WINDOWS\System32\GDI32.dll
0x00007ffb4bb90000 - 0x00007ffb4bc9b000 	C:\WINDOWS\System32\gdi32full.dll
0x00007ffb4bac0000 - 0x00007ffb4bb5d000 	C:\WINDOWS\System32\msvcp_win.dll
0x00007ffb4d3b0000 - 0x00007ffb4d3e0000 	C:\WINDOWS\System32\IMM32.DLL
0x00007ffb29800000 - 0x00007ffb2989d000 	C:\Program Files\JetBrains\IntelliJ IDEA Educational Edition 2021.1\jbr\bin\msvcp140.dll
0x00007ffb18fe0000 - 0x00007ffb19b2f000 	C:\Program Files\JetBrains\IntelliJ IDEA Educational Edition 2021.1\jbr\bin\server\jvm.dll
0x00007ffb4c6b0000 - 0x00007ffb4c75c000 	C:\WINDOWS\System32\ADVAPI32.dll
0x00007ffb4d5f0000 - 0x00007ffb4d68b000 	C:\WINDOWS\System32\sechost.dll
0x00007ffb4d7e0000 - 0x00007ffb4d90a000 	C:\WINDOWS\System32\RPCRT4.dll
0x00007ffb4c8e0000 - 0x00007ffb4c8e8000 	C:\WINDOWS\System32\PSAPI.DLL
0x00007ffb3d590000 - 0x00007ffb3d599000 	C:\WINDOWS\SYSTEM32\WSOCK32.dll
0x00007ffb49350000 - 0x00007ffb4935a000 	C:\WINDOWS\SYSTEM32\VERSION.dll
0x00007ffb38820000 - 0x00007ffb38847000 	C:\WINDOWS\SYSTEM32\WINMM.dll
0x00007ffb4e520000 - 0x00007ffb4e58b000 	C:\WINDOWS\System32\WS2_32.dll
0x00007ffb49c00000 - 0x00007ffb49c12000 	C:\WINDOWS\SYSTEM32\kernel.appcore.dll
0x00007ffb49380000 - 0x00007ffb49391000 	C:\Program Files\JetBrains\IntelliJ IDEA Educational Edition 2021.1\jbr\bin\verify.dll
0x00007ffb376b0000 - 0x00007ffb37894000 	C:\WINDOWS\SYSTEM32\DBGHELP.DLL
0x00007ffb37500000 - 0x00007ffb3752c000 	C:\WINDOWS\SYSTEM32\dbgcore.DLL
0x00007ffb4b8c0000 - 0x00007ffb4b943000 	C:\WINDOWS\System32\bcryptPrimitives.dll
0x00007ffb46ce0000 - 0x00007ffb46d09000 	C:\Program Files\JetBrains\IntelliJ IDEA Educational Edition 2021.1\jbr\bin\java.dll
0x00007ffb49370000 - 0x00007ffb4937b000 	C:\Program Files\JetBrains\IntelliJ IDEA Educational Edition 2021.1\jbr\bin\jimage.dll
0x00007ffb45f40000 - 0x00007ffb45f58000 	C:\Program Files\JetBrains\IntelliJ IDEA Educational Edition 2021.1\jbr\bin\zip.dll

dbghelp: loaded successfully - version: 4.0.5 - missing functions: none
symbol engine: initialized successfully - sym options: 0x614 - pdb path: .;C:\Program Files\JetBrains\IntelliJ IDEA Educational Edition 2021.1\jbr\bin;C:\WINDOWS\SYSTEM32;C:\WINDOWS\WinSxS\amd64_microsoft.windows.common-controls_6595b64144ccf1df_6.0.19041.1110_none_60b5254171f9507e;C:\Program Files\JetBrains\IntelliJ IDEA Educational Edition 2021.1\jbr\bin\server

VM Arguments:
java_command: org.jetbrains.git4idea.http.GitAskPassApp Username for 'https://github.com': 
java_class_path (initial): C:/Program Files/JetBrains/IntelliJ IDEA Educational Edition 2021.1/plugins/git4idea/lib/git4idea-rt.jar;C:/Program Files/JetBrains/IntelliJ IDEA Educational Edition 2021.1/lib/xmlrpc-2.0.1.jar;C:/Program Files/JetBrains/IntelliJ IDEA Educational Edition 2021.1/lib/commons-codec-1.15.jar
Launcher Type: SUN_STANDARD

[Global flags]
     intx CICompilerCount                          = 3                                         {product} {ergonomic}
     uint ConcGCThreads                            = 1                                         {product} {ergonomic}
     uint G1ConcRefinementThreads                  = 4                                         {product} {ergonomic}
   size_t G1HeapRegionSize                         = 1048576                                   {product} {ergonomic}
    uintx GCDrainStackTargetSize                   = 64                                        {product} {ergonomic}
   size_t InitialHeapSize                          = 98566144                                  {product} {ergonomic}
   size_t MarkStackSize                            = 4194304                                   {product} {ergonomic}
   size_t MaxHeapSize                              = 1572864000                                {product} {ergonomic}
   size_t MinHeapDeltaBytes                        = 1048576                                   {product} {ergonomic}
    uintx NonNMethodCodeHeapSize                   = 5830732                                {pd product} {ergonomic}
    uintx NonProfiledCodeHeapSize                  = 122913754                              {pd product} {ergonomic}
    uintx ProfiledCodeHeapSize                     = 122913754                              {pd product} {ergonomic}
    uintx ReservedCodeCacheSize                    = 251658240                              {pd product} {ergonomic}
     bool SegmentedCodeCache                       = true                                      {product} {ergonomic}
     bool UseCompressedClassPointers               = true                                 {lp64_product} {ergonomic}
     bool UseCompressedOops                        = true                                 {lp64_product} {ergonomic}
     bool UseG1GC                                  = true                                      {product} {ergonomic}
     bool UseLargePagesIndividualAllocation        = false                                  {pd product} {ergonomic}

Logging:
Log output configuration:
 #0: stdout all=warning uptime,level,tags
 #1: stderr all=off uptime,level,tags

Environment Variables:
PATH=C:\Program Files\Git\mingw64\libexec\git-core;C:\Program Files\Git\mingw64\libexec\git-core;C:\Program Files\Git\mingw64\bin;C:\Program Files\Git\usr\bin;C:\Users\chem\bin;C:\Program Files (x86)\Common Files\Oracle\Java\javapath;C:\Program Files\Common Files\Oracle\Java\javapath;C:\Program Files (x86)\Common Files\Intel\Shared Files\cpp\bin\Intel64;C:\Program Files\Common Files\Microsoft Shared\Windows Live;C:\Program Files (x86)\Common Files\Microsoft Shared\Windows Live;C:\Program Files\Broadcom\Broadcom 802.11 Network Adapter\Driver;C:\Program Files (x86)\NVIDIA Corporation\PhysX\Common;C:\WINDOWS\system32;C:\WINDOWS;C:\WINDOWS\System32\Wbem;C:\WINDOWS\System32\WindowsPowerShell\v1.0;C:\Program Files\Intel\WiFi\bin;C:\Program Files\Common Files\Intel\WirelessCommon;C:\Program Files (x86)\Windows Live\Shared;C:\Program Files\Calibre2;C:\WINDOWS\System32\OpenSSH;C:\Program Files\Git\cmd;C:\Program Files\Intel\WiFi\bin;C:\Program Files\Common Files\Intel\WirelessCommon;%USERPROFILE%\AppData\Local\Microsoft\WindowsApps
USERNAME=chem
DISPLAY=:0.0
LC_ALL=en_US.UTF-8
OS=Windows_NT
PROCESSOR_IDENTIFIER=Intel64 Family 6 Model 42 Stepping 7, GenuineIntel



---------------  S Y S T E M  ---------------

OS: Windows 10 , 64 bit Build 19041 (10.0.19041.1023)
OS uptime: 3 days 15:21 hours

CPU:total 4 (initial active 4) (2 cores per cpu, 2 threads per core) family 6 model 42 stepping 7 microcode 0x2f, cmov, cx8, fxsr, mmx, sse, sse2, sse3, ssse3, sse4.1, sse4.2, popcnt, avx, aes, clmul, ht, tsc, tscinvbit

Memory: 4k page, system-wide physical 5995M (640M free)
TotalPageFile size 7640M (AvailPageFile size 135M)
current process WorkingSet (physical memory assigned to process): 9M, peak: 9M
current process commit charge ("private bytes"): 51M, peak: 145M

vm_info: Dynamic Code Evolution 64-Bit Server VM (11.0.10+9-b1341.41) for windows-amd64 JRE (11.0.10+9-b1341.41), built on Apr 17 2021 07:18:15 by "" with MS VC++ 14.0 (VS2015)

END.
